<?xml version="1.0" encoding="utf-8"?><testsuites name="pytest tests"><testsuite name="pytest" errors="0" failures="0" skipped="0" tests="12" time="6.514" timestamp="2026-02-25T18:12:03.437664+00:00" hostname="agent-env-ac5e2b84-53e2-47f7-a79f-17e6d8c118d0"><testcase classname="backend.tests.test_studies_features.TestAuthentication" name="test_login_admin" time="0.479" /><testcase classname="backend.tests.test_studies_features.TestAuthentication" name="test_login_designer" time="0.348" /><testcase classname="backend.tests.test_studies_features.TestAuthentication" name="test_login_purchasing" time="0.311" /><testcase classname="backend.tests.test_studies_features.TestAuthentication" name="test_login_warehouse" time="0.425" /><testcase classname="backend.tests.test_studies_features.TestStudyApproval" name="test_create_and_approve_study_as_designer" time="0.498" /><testcase classname="backend.tests.test_studies_features.TestStudyApproval" name="test_approve_study_without_design_estimate_fails" time="0.404" /><testcase classname="backend.tests.test_studies_features.TestPDFExport" name="test_pdf_export_returns_pdf" time="0.558" /><testcase classname="backend.tests.test_studies_features.TestPDFExport" name="test_pdf_export_nonexistent_study_fails" time="0.388" /><testcase classname="backend.tests.test_studies_features.TestPurchasingRolePermissions" name="test_purchasing_can_edit_purchasing_stage" time="0.736" /><testcase classname="backend.tests.test_studies_features.TestPurchasingRolePermissions" name="test_purchasing_can_edit_warehouse_stage" time="0.765" /><testcase classname="backend.tests.test_studies_features.TestPurchasingRolePermissions" name="test_purchasing_cannot_edit_design_stage" time="0.794" /><testcase classname="backend.tests.test_studies_features.TestWarehouseRolePermissions" name="test_warehouse_can_edit_warehouse_stage" time="0.734" /></testsuite></testsuites>